#
# There is insufficient memory for the Java Runtime Environment to continue.
# Native memory allocation (malloc) failed to allocate 1383696 bytes for Chunk::new
# Possible reasons:
#   The system is out of physical RAM or swap space
#   In 32 bit mode, the process size limit was hit
# Possible solutions:
#   Reduce memory load on the system
#   Increase physical memory or swap space
#   Check if swap backing store is full
#   Use 64 bit Java on a 64 bit OS
#   Decrease Java heap size (-Xmx/-Xms)
#   Decrease number of Java threads
#   Decrease Java thread stack sizes (-Xss)
#   Set larger code cache with -XX:ReservedCodeCacheSize=
# This output file may be truncated or incomplete.
#
#  Out of Memory Error (allocation.cpp:390), pid=6812, tid=14040
#
# JRE version: Java(TM) SE Runtime Environment (8.0_66-b17) (build 1.8.0_66-b17)
# Java VM: Java HotSpot(TM) 64-Bit Server VM (25.66-b17 mixed mode windows-amd64 compressed oops)
# Failed to write core dump. Minidumps are not enabled by default on client versions of Windows
#

---------------  T H R E A D  ---------------

Current thread (0x000000000878c000):  JavaThread "C2 CompilerThread0" daemon [_thread_in_native, id=14040, stack(0x0000000009de0000,0x0000000009ee0000)]

Stack: [0x0000000009de0000,0x0000000009ee0000]
[error occurred during error reporting (printing stack bounds), id 0xc0000005]

Native frames: (J=compiled Java code, j=interpreted, Vv=VM code, C=native code)


Current CompileTask:
C2:  25798 1867   !   4       java.util.Formatter::format (271 bytes)


---------------  P R O C E S S  ---------------

Java Threads: ( => current thread )
  0x000000000b1c0800 JavaThread "metrics-meter-tick-thread-2" daemon [_thread_blocked, id=10020, stack(0x000000000c4e0000,0x000000000c5e0000)]
  0x000000000b49b000 JavaThread "metrics-meter-tick-thread-1" daemon [_thread_blocked, id=14384, stack(0x000000000c190000,0x000000000c290000)]
  0x000000000a311000 JavaThread "Thread-0" [_thread_in_Java, id=12200, stack(0x000000000a8c0000,0x000000000a9c0000)]
  0x000000000a309000 JavaThread "Monitor Ctrl-Break" daemon [_thread_in_native, id=9388, stack(0x000000000a6e0000,0x000000000a7e0000)]
  0x00000000087ed800 JavaThread "Service Thread" daemon [_thread_blocked, id=9856, stack(0x000000000a4e0000,0x000000000a5e0000)]
  0x0000000008798800 JavaThread "C1 CompilerThread2" daemon [_thread_blocked, id=9300, stack(0x0000000009fe0000,0x000000000a0e0000)]
  0x0000000008792000 JavaThread "C2 CompilerThread1" daemon [_thread_in_native, id=13868, stack(0x0000000009ee0000,0x0000000009fe0000)]
=>0x000000000878c000 JavaThread "C2 CompilerThread0" daemon [_thread_in_native, id=14040, stack(0x0000000009de0000,0x0000000009ee0000)]
  0x000000000878a800 JavaThread "Attach Listener" daemon [_thread_blocked, id=11408, stack(0x0000000009ce0000,0x0000000009de0000)]
  0x0000000008789000 JavaThread "Signal Dispatcher" daemon [_thread_blocked, id=528, stack(0x0000000009be0000,0x0000000009ce0000)]
  0x0000000002c37800 JavaThread "Finalizer" daemon [_thread_blocked, id=9676, stack(0x0000000009a00000,0x0000000009b00000)]
  0x0000000008759000 JavaThread "Reference Handler" daemon [_thread_blocked, id=10776, stack(0x0000000009900000,0x0000000009a00000)]
  0x0000000002b42800 JavaThread "main" [_thread_in_native, id=11784, stack(0x00000000029c0000,0x0000000002ac0000)]

Other Threads:
  0x0000000008757000 VMThread [stack: 0x0000000009800000,0x0000000009900000] [id=11300]
  0x000000000a12e800 WatcherThread [stack: 0x000000000a5e0000,0x000000000a6e0000] [id=3880]

VM state:not at safepoint (normal execution)

VM Mutex/Monitor currently owned by a thread: None

Heap:
 PSYoungGen      total 38400K, used 30084K [0x00000000d5d80000, 0x00000000d8800000, 0x0000000100000000)
  eden space 33280K, 75% used [0x00000000d5d80000,0x00000000d75e3da0,0x00000000d7e00000)
  from space 5120K, 99% used [0x00000000d7e00000,0x00000000d82fd2a8,0x00000000d8300000)
  to   space 5120K, 0% used [0x00000000d8300000,0x00000000d8300000,0x00000000d8800000)
 ParOldGen       total 87552K, used 1452K [0x0000000081800000, 0x0000000086d80000, 0x00000000d5d80000)
  object space 87552K, 1% used [0x0000000081800000,0x000000008196b360,0x0000000086d80000)
 Metaspace       used 15218K, capacity 15360K, committed 15744K, reserved 1062912K
  class space    used 1991K, capacity 2072K, committed 2176K, reserved 1048576K

Card table byte_map: [0x0000000003000000,0x0000000003400000] byte_map_base: 0x0000000002bf4000

Marking Bits: (ParMarkBitMap*) 0x000000005872a5b0
 Begin Bits: [0x0000000003ab0000, 0x0000000005a50000)
 End Bits:   [0x0000000005a50000, 0x00000000079f0000)

Polling page: 0x0000000000e20000

CodeCache: size=245760Kb used=5401Kb max_used=5401Kb free=240358Kb
 bounds [0x000000000f010000, 0x000000000f560000, 0x000000001e010000]
 total_blobs=2336 nmethods=1947 adapters=301
 compilation: enabled

Compilation events (10 events):
Event: 25.252 Thread 0x0000000008798800 nmethod 1882 0x000000000f514010 code [0x000000000f5141c0, 0x000000000f5147e8]
Event: 25.252 Thread 0x0000000008798800 1886       3       kafka.network.Send$class::writeCompletely (43 bytes)
Event: 25.252 Thread 0x0000000008798800 nmethod 1886 0x000000000f517650 code [0x000000000f517800, 0x000000000f517de8]
Event: 25.252 Thread 0x0000000008798800 1883   !   3       kafka.producer.SyncProducer::liftedTree1$1 (56 bytes)
Event: 25.253 Thread 0x0000000008798800 nmethod 1883 0x000000000f5180d0 code [0x000000000f5182e0, 0x000000000f5189c8]
Event: 25.253 Thread 0x0000000008798800 1884       3       kafka.network.BlockingChannel::send (35 bytes)
Event: 25.254 Thread 0x0000000008798800 nmethod 1884 0x000000000f5190d0 code [0x000000000f519260, 0x000000000f519628]
Event: 25.254 Thread 0x0000000008798800 1885       3       kafka.network.BoundedByteBufferSend::writeCompletely (6 bytes)
Event: 25.254 Thread 0x0000000008798800 nmethod 1885 0x000000000f5197d0 code [0x000000000f519940, 0x000000000f519ac8]
Event: 25.254 Thread 0x0000000008798800 1887       3       kafka.network.BoundedByteBufferSend::writeTo (55 bytes)

GC Heap History (2 events):
Event: 23.508 GC heap before
{Heap before GC invocations=1 (full 0):
 PSYoungGen      total 38400K, used 33280K [0x00000000d5d80000, 0x00000000d8800000, 0x0000000100000000)
  eden space 33280K, 100% used [0x00000000d5d80000,0x00000000d7e00000,0x00000000d7e00000)
  from space 5120K, 0% used [0x00000000d8300000,0x00000000d8300000,0x00000000d8800000)
  to   space 5120K, 0% used [0x00000000d7e00000,0x00000000d7e00000,0x00000000d8300000)
 ParOldGen       total 87552K, used 0K [0x0000000081800000, 0x0000000086d80000, 0x00000000d5d80000)
  object space 87552K, 0% used [0x0000000081800000,0x0000000081800000,0x0000000086d80000)
 Metaspace       used 14476K, capacity 14624K, committed 14848K, reserved 1062912K
  class space    used 1975K, capacity 2040K, committed 2048K, reserved 1048576K
Event: 23.615 GC heap after
Heap after GC invocations=1 (full 0):
 PSYoungGen      total 38400K, used 5108K [0x00000000d5d80000, 0x00000000d8800000, 0x0000000100000000)
  eden space 33280K, 0% used [0x00000000d5d80000,0x00000000d5d80000,0x00000000d7e00000)
  from space 5120K, 99% used [0x00000000d7e00000,0x00000000d82fd2a8,0x00000000d8300000)
  to   space 5120K, 0% used [0x00000000d8300000,0x00000000d8300000,0x00000000d8800000)
 ParOldGen       total 87552K, used 1452K [0x0000000081800000, 0x0000000086d80000, 0x00000000d5d80000)
  object space 87552K, 1% used [0x0000000081800000,0x000000008196b360,0x0000000086d80000)
 Metaspace       used 14476K, capacity 14624K, committed 14848K, reserved 1062912K
  class space    used 1975K, capacity 2040K, committed 2048K, reserved 1048576K
}

Deoptimization events (6 events):
Event: 17.257 Thread 0x000000000a311000 Uncommon trap: reason=predicate action=maybe_recompile pc=0x000000000f2174ec method=sun.net.www.ParseUtil.encodePath(Ljava/lang/String;Z)Ljava/lang/String; @ 36
Event: 17.259 Thread 0x000000000a311000 Uncommon trap: reason=unstable_if action=reinterpret pc=0x000000000f1db338 method=sun.misc.URLClassPath.getLoader(I)Lsun/misc/URLClassPath$Loader; @ 36
Event: 17.260 Thread 0x000000000a311000 Uncommon trap: reason=unstable_if action=reinterpret pc=0x000000000f1da710 method=sun.misc.URLClassPath.getLoader(I)Lsun/misc/URLClassPath$Loader; @ 36
Event: 17.260 Thread 0x000000000a311000 Uncommon trap: reason=unstable_if action=reinterpret pc=0x000000000f1df0c4 method=sun.misc.MetaIndex.mayContain(Ljava/lang/String;)Z @ 13
Event: 17.261 Thread 0x000000000a311000 Uncommon trap: reason=unstable_if action=reinterpret pc=0x000000000f1dbc84 method=sun.misc.MetaIndex.mayContain(Ljava/lang/String;)Z @ 13
Event: 20.387 Thread 0x0000000002b42800 Uncommon trap: reason=unstable_if action=reinterpret pc=0x000000000f2651cc method=java.io.WinNTFileSystem.normalize(Ljava/lang/String;)Ljava/lang/String; @ 128

Internal exceptions (10 events):
Event: 17.427 Thread 0x000000000a311000 Exception <a 'java/lang/ClassNotFoundException': org/apache/log4j/PatternLayoutBeanInfo> (0x00000000d6ee4ba8) thrown at [C:\re\workspace\8-2-build-windows-amd64-cygwin\jdk8u66\4988\hotspot\src\share\vm\classfile\systemDictionary.cpp, line 210]
Event: 17.428 Thread 0x000000000a311000 Exception <a 'java/lang/ClassNotFoundException': org/apache/log4j/LayoutBeanInfo> (0x00000000d6eeb668) thrown at [C:\re\workspace\8-2-build-windows-amd64-cygwin\jdk8u66\4988\hotspot\src\share\vm\classfile\systemDictionary.cpp, line 210]
Event: 17.428 Thread 0x000000000a311000 Exception <a 'java/lang/ClassNotFoundException': java/lang/ObjectBeanInfo> (0x00000000d6eeeaa8) thrown at [C:\re\workspace\8-2-build-windows-amd64-cygwin\jdk8u66\4988\hotspot\src\share\vm\classfile\systemDictionary.cpp, line 210]
Event: 17.428 Thread 0x000000000a311000 Exception <a 'java/lang/ClassNotFoundException': java/lang/ObjectCustomizer> (0x00000000d6ef2038) thrown at [C:\re\workspace\8-2-build-windows-amd64-cygwin\jdk8u66\4988\hotspot\src\share\vm\classfile\systemDictionary.cpp, line 210]
Event: 17.430 Thread 0x000000000a311000 Exception <a 'java/lang/ArrayIndexOutOfBoundsException'> (0x00000000d6ef5e10) thrown at [C:\re\workspace\8-2-build-windows-amd64-cygwin\jdk8u66\4988\hotspot\src\share\vm\runtime\sharedRuntime.cpp, line 605]
Event: 17.430 Thread 0x000000000a311000 Exception <a 'java/lang/ArrayIndexOutOfBoundsException'> (0x00000000d6ef7e58) thrown at [C:\re\workspace\8-2-build-windows-amd64-cygwin\jdk8u66\4988\hotspot\src\share\vm\runtime\sharedRuntime.cpp, line 605]
Event: 17.431 Thread 0x000000000a311000 Exception <a 'java/lang/ClassNotFoundException': org/apache/log4j/LayoutCustomizer> (0x00000000d6f00a40) thrown at [C:\re\workspace\8-2-build-windows-amd64-cygwin\jdk8u66\4988\hotspot\src\share\vm\classfile\systemDictionary.cpp, line 210]
Event: 17.434 Thread 0x000000000a311000 Exception <a 'java/lang/ClassNotFoundException': org/apache/log4j/PatternLayoutCustomizer> (0x00000000d6f182a0) thrown at [C:\re\workspace\8-2-build-windows-amd64-cygwin\jdk8u66\4988\hotspot\src\share\vm\classfile\systemDictionary.cpp, line 210]
Event: 20.853 Thread 0x000000000a311000 Exception <a 'java/lang/NoSuchFieldError': method resolution failed> (0x00000000d79a5b18) thrown at [C:\re\workspace\8-2-build-windows-amd64-cygwin\jdk8u66\4988\hotspot\src\share\vm\prims\methodHandles.cpp, line 1146]
Event: 20.855 Thread 0x000000000a311000 Exception <a 'java/lang/NoSuchFieldError': method resolution failed> (0x00000000d79b31d8) thrown at [C:\re\workspace\8-2-build-windows-amd64-cygwin\jdk8u66\4988\hotspot\src\share\vm\prims\methodHandles.cpp, line 1146]

Events (10 events):
Event: 23.630 loading class kafka/producer/async/DefaultEventHandler$$anonfun$4
Event: 23.630 loading class kafka/producer/async/DefaultEventHandler$$anonfun$4 done
Event: 23.631 loading class kafka/producer/async/DefaultEventHandler$$anonfun$kafka$producer$async$DefaultEventHandler$$send$5
Event: 23.631 loading class kafka/producer/async/DefaultEventHandler$$anonfun$kafka$producer$async$DefaultEventHandler$$send$5 done
Event: 23.655 loading class kafka/producer/async/DefaultEventHandler$$anonfun$dispatchSerializedData$2$$anonfun$apply$4
Event: 23.655 loading class kafka/producer/async/DefaultEventHandler$$anonfun$dispatchSerializedData$2$$anonfun$apply$4 done
Event: 24.081 Thread 0x000000000a311000 DEOPT PACKING pc=0x000000000f30a5b9 sp=0x000000000a9be490
Event: 24.081 Thread 0x000000000a311000 DEOPT UNPACKING pc=0x000000000f05787f sp=0x000000000a9be290 mode 0
Event: 24.141 Executing VM operation: ForceSafepoint
Event: 24.141 Executing VM operation: ForceSafepoint done


Dynamic libraries:
0x00007ff6b6be0000 - 0x00007ff6b6c17000 	C:\Program Files\Java\jdk1.8.0_66\bin\java.exe
0x00007ffe36cd0000 - 0x00007ffe36e92000 	C:\WINDOWS\SYSTEM32\ntdll.dll
0x00007ffe35fc0000 - 0x00007ffe3606d000 	C:\WINDOWS\system32\KERNEL32.DLL
0x00007ffe340d0000 - 0x00007ffe342ad000 	C:\WINDOWS\system32\KERNELBASE.dll
0x00007ffe36950000 - 0x00007ffe369f6000 	C:\WINDOWS\system32\ADVAPI32.dll
0x00007ffe36a70000 - 0x00007ffe36b0d000 	C:\WINDOWS\system32\msvcrt.dll
0x00007ffe35f60000 - 0x00007ffe35fbb000 	C:\WINDOWS\system32\sechost.dll
0x00007ffe36440000 - 0x00007ffe36566000 	C:\WINDOWS\system32\RPCRT4.dll
0x00007ffe36b20000 - 0x00007ffe36c6e000 	C:\WINDOWS\system32\USER32.dll
0x00007ffe35d00000 - 0x00007ffe35e86000 	C:\WINDOWS\system32\GDI32.dll
0x00007ffe2b960000 - 0x00007ffe2bbd4000 	C:\WINDOWS\WinSxS\amd64_microsoft.windows.common-controls_6595b64144ccf1df_6.0.10240.16384_none_f41f7b285750ef43\COMCTL32.dll
0x00007ffe35cc0000 - 0x00007ffe35cf6000 	C:\WINDOWS\system32\IMM32.DLL
0x00007ffe36570000 - 0x00007ffe366cc000 	C:\WINDOWS\system32\MSCTF.dll
0x00007ffe335b0000 - 0x00007ffe335e1000 	C:\WINDOWS\system32\nvinitx.dll
0x00007ffe335a0000 - 0x00007ffe335aa000 	C:\WINDOWS\SYSTEM32\VERSION.dll
0x000000000f000000 - 0x000000000f006000 	C:\Program Files\NVIDIA Corporation\CoProcManager\_etoured.dll
0x00007ffe30f60000 - 0x00007ffe30f92000 	C:\Program Files\NVIDIA Corporation\CoProcManager\nvd3d9wrapx.dll
0x00007ffe36180000 - 0x00007ffe36345000 	C:\WINDOWS\system32\SETUPAPI.dll
0x00007ffe342b0000 - 0x00007ffe342f4000 	C:\WINDOWS\system32\CFGMGR32.dll
0x00007ffe30f30000 - 0x00007ffe30f52000 	C:\Program Files\NVIDIA Corporation\CoProcManager\nvdxgiwrapx.dll
0x00000000587b0000 - 0x0000000058882000 	C:\Program Files\Java\jdk1.8.0_66\jre\bin\msvcr100.dll
0x0000000057f20000 - 0x00000000587a9000 	C:\Program Files\Java\jdk1.8.0_66\jre\bin\server\jvm.dll
0x00007ffe36b10000 - 0x00007ffe36b18000 	C:\WINDOWS\system32\PSAPI.DLL
0x00007ffe317f0000 - 0x00007ffe31813000 	C:\WINDOWS\SYSTEM32\WINMM.dll
0x00007ffe28fc0000 - 0x00007ffe28fc9000 	C:\WINDOWS\SYSTEM32\WSOCK32.dll
0x00007ffe35ef0000 - 0x00007ffe35f59000 	C:\WINDOWS\system32\WS2_32.dll
0x00007ffe35cb0000 - 0x00007ffe35cb8000 	C:\WINDOWS\system32\NSI.dll
0x0000000002990000 - 0x00000000029bc000 	C:\WINDOWS\SYSTEM32\WINMMBASE.dll
0x00007ffe31f40000 - 0x00007ffe31f67000 	C:\WINDOWS\SYSTEM32\DEVOBJ.dll
0x0000000057f10000 - 0x0000000057f1f000 	C:\Program Files\Java\jdk1.8.0_66\jre\bin\verify.dll
0x0000000057ee0000 - 0x0000000057f09000 	C:\Program Files\Java\jdk1.8.0_66\jre\bin\java.dll
0x0000000057ec0000 - 0x0000000057ed6000 	C:\Program Files\Java\jdk1.8.0_66\jre\bin\zip.dll
0x00007ffe34510000 - 0x00007ffe35a78000 	C:\WINDOWS\system32\SHELL32.dll
0x00007ffe33760000 - 0x00007ffe33d88000 	C:\WINDOWS\system32\windows.storage.dll
0x00007ffe366d0000 - 0x00007ffe3694c000 	C:\WINDOWS\system32\combase.dll
0x00007ffe36c70000 - 0x00007ffe36cc1000 	C:\WINDOWS\system32\shlwapi.dll
0x00007ffe33700000 - 0x00007ffe3370f000 	C:\WINDOWS\system32\kernel.appcore.dll
0x00007ffe33e40000 - 0x00007ffe33ef3000 	C:\WINDOWS\system32\shcore.dll
0x00007ffe33710000 - 0x00007ffe3375a000 	C:\WINDOWS\system32\powrprof.dll
0x00007ffe336c0000 - 0x00007ffe336d3000 	C:\WINDOWS\system32\profapi.dll
0x00007ffe36350000 - 0x00007ffe3640e000 	C:\WINDOWS\system32\OLEAUT32.dll
0x00007ffe21f20000 - 0x00007ffe21f30000 	C:\Program Files (x86)\JetBrains\IntelliJ IDEA 14.1.5\bin\breakgen64.dll
0x0000000057ea0000 - 0x0000000057eba000 	C:\Program Files\Java\jdk1.8.0_66\jre\bin\net.dll
0x00007ffe32e80000 - 0x00007ffe32edd000 	C:\WINDOWS\system32\mswsock.dll
0x0000000057e90000 - 0x0000000057e9d000 	C:\Program Files\Java\jdk1.8.0_66\jre\bin\management.dll
0x0000000057e70000 - 0x0000000057e81000 	C:\Program Files\Java\jdk1.8.0_66\jre\bin\nio.dll
0x00007ffe32ee0000 - 0x00007ffe32ef7000 	C:\WINDOWS\SYSTEM32\CRYPTSP.dll
0x00007ffe335f0000 - 0x00007ffe33618000 	C:\WINDOWS\SYSTEM32\bcrypt.dll
0x00007ffe32b30000 - 0x00007ffe32b63000 	C:\WINDOWS\system32\rsaenh.dll
0x00007ffe32d10000 - 0x00007ffe32d2f000 	C:\WINDOWS\SYSTEM32\USERENV.dll
0x00007ffe33430000 - 0x00007ffe3349b000 	C:\WINDOWS\system32\bcryptprimitives.dll
0x00007ffe33050000 - 0x00007ffe3305b000 	C:\WINDOWS\SYSTEM32\CRYPTBASE.dll
0x00007ffe313b0000 - 0x00007ffe313e8000 	C:\WINDOWS\SYSTEM32\IPHLPAPI.DLL
0x00007ffe31300000 - 0x00007ffe3130b000 	C:\WINDOWS\SYSTEM32\WINNSI.DLL
0x00007ffe2c8c0000 - 0x00007ffe2c8d6000 	C:\WINDOWS\SYSTEM32\dhcpcsvc6.DLL
0x00007ffe2c8a0000 - 0x00007ffe2c8ba000 	C:\WINDOWS\SYSTEM32\dhcpcsvc.DLL

VM Arguments:
jvm_args: -Didea.launcher.port=7533 -Didea.launcher.bin.path=C:\Program Files (x86)\JetBrains\IntelliJ IDEA 14.1.5\bin -Dfile.encoding=windows-1252 
java_command: com.intellij.rt.execution.application.AppMain Main
java_class_path (initial): C:\Program Files\Java\jdk1.8.0_66\jre\lib\charsets.jar;C:\Program Files\Java\jdk1.8.0_66\jre\lib\deploy.jar;C:\Program Files\Java\jdk1.8.0_66\jre\lib\javaws.jar;C:\Program Files\Java\jdk1.8.0_66\jre\lib\jce.jar;C:\Program Files\Java\jdk1.8.0_66\jre\lib\jfr.jar;C:\Program Files\Java\jdk1.8.0_66\jre\lib\jfxswt.jar;C:\Program Files\Java\jdk1.8.0_66\jre\lib\jsse.jar;C:\Program Files\Java\jdk1.8.0_66\jre\lib\management-agent.jar;C:\Program Files\Java\jdk1.8.0_66\jre\lib\plugin.jar;C:\Program Files\Java\jdk1.8.0_66\jre\lib\resources.jar;C:\Program Files\Java\jdk1.8.0_66\jre\lib\rt.jar;C:\Program Files\Java\jdk1.8.0_66\jre\lib\ext\access-bridge-64.jar;C:\Program Files\Java\jdk1.8.0_66\jre\lib\ext\cldrdata.jar;C:\Program Files\Java\jdk1.8.0_66\jre\lib\ext\dnsns.jar;C:\Program Files\Java\jdk1.8.0_66\jre\lib\ext\jaccess.jar;C:\Program Files\Java\jdk1.8.0_66\jre\lib\ext\jfxrt.jar;C:\Program Files\Java\jdk1.8.0_66\jre\lib\ext\localedata.jar;C:\Program Files\Java\jdk1.8.0_66\jre\lib\ext\nashorn.jar;C:\Program Files\Java\jdk1.8.0_66\jre\lib\ext\sunec.jar;C:\Program Files\Java\jdk1.8.0_66\jre\lib\ext\sunjce_provider.jar;C:\Program Files\Java\jdk1.8.0_66\jre\lib\ext\sunmscapi.jar;C:\Program Files\Java\jdk1.8.0_66\jre\lib\ext\sunpkcs11.jar;C:\Program Files\Java\jdk1.8.0_66\jre\lib\ext\zipfs.jar;C:\Users\unknown_user\Desktop\DS project\target\classes;C:\Users\unknown_user\.m2\repository\org\apache\kafka\kafka_2.9.2\0.8.1.1\kafka_2.9.2-0.8.1.1.jar;C:\Users\unknown_user\.m2\repository\org\scala-lang\scala-library\2.9.2\scala-library-2.9.2.jar;C:\Users\unknown_user\.m2\repository\com\yammer\metrics\metrics-core\2.2.0\metrics-core-2.2.0.jar;C:\Users\unknown_user\.m2\repository\org\xerial\snappy\snappy-java\1.0.5\snappy-java-1.0.5.jar;C:\Users\unknown_user\.m2\repository\org\apache\zookeeper\zookeeper\3.3.4\zookeeper-3.3.4.jar;C:\Users\unknown_user\.m2\repository\jline\jline\0.9.94\jline-0.9.94.jar;C:\Users\unknown_user\.m2\repository\junit\junit\3.8.1\junit-3
Launcher Type: SUN_STANDARD

Environment Variables:
JAVA_HOME=C:\Program Files\Java\jdk1.8.0_66
PATH=C:\ProgramData\Oracle\Java\javapath;C:\Windows\system32;C:\Windows;C:\Windows\System32\Wbem;C:\Windows\System32\WindowsPowerShell\v1.0\;C:\Python27;C:\Python27\scripts;C:\Program Files (x86)\Microsoft ASP.NET\ASP.NET Web Pages\v1.0\;C:\Program Files\Microsoft SQL Server\110\Tools\Binn\;C:\Program Files\Microsoft SQL Server\120\Tools\Binn\;C:\Program Files\Microsoft\Web Platform Installer\;C:\Program Files\TortoiseSVN\bin;C:\Program Files (x86)\Git\cmd;C:\Program Files (x86)\Git\bin;F:\packer;C:\HashiCorp\Vagrant\bin;C:\Program Files (x86)\NVIDIA Corporation\PhysX\Common;C:\Packer;C:\Program Files\Oracle\VirtualBox;C:\cygwin64\bin;C:\WINDOWS\system32;C:\WINDOWS;C:\WINDOWS\System32\Wbem;C:\WINDOWS\System32\WindowsPowerShell\v1.0\;C:\MinGW\bin;C:\apache-maven-3.3.3\bin;C:\Program Files\Java\jdk1.8.0_66\bin;C:\path_programs;C:\Program Files (x86)\MySQL\MySQL Fabric 1.5 & MySQL Utilities 1.5\;C:\Program Files (x86)\MySQL\MySQL Fabric 1.5 & MySQL Utilities 1.5\Doctrine extensions for PHP\;C:\Program Files\MySQL\MySQL Server 5.7\bin;C:\Program Files\MATLAB\R2015b\bin;C:\Program Files (x86)\Skype\Phone\;C:\Program Files\nodejs\;C:\Users\unknown_user\AppData\Roaming\npm
USERNAME=unknown_user
OS=Windows_NT
PROCESSOR_IDENTIFIER=Intel64 Family 6 Model 58 Stepping 9, GenuineIntel



---------------  S Y S T E M  ---------------

OS: Windows 10.0 , 64 bit Build 10240 (10.0.10240.16384)

CPU:total 4 (2 cores per cpu, 2 threads per core) family 6 model 58 stepping 9, cmov, cx8, fxsr, mmx, sse, sse2, sse3, ssse3, sse4.1, sse4.2, popcnt, avx, aes, clmul, erms, ht, tsc, tscinvbit, tscinv

Memory: 4k page, physical 8288616k(213636k free), swap 14432616k(6140k free)

vm_info: Java HotSpot(TM) 64-Bit Server VM (25.66-b17) for windows-amd64 JRE (1.8.0_66-b17), built on Oct  6 2015 18:55:33 by "java_re" with MS VC++ 10.0 (VS2010)

time: Sun May 22 08:49:01 2016
elapsed time: 26 seconds (0d 0h 0m 26s)

